2018-11-12 10:32:06 -Starting Application on MS-20180106TIRW with PID 5420 (D:\Workspace\Springboot_Mybatis\Springboot_Mybatis\target\classes started by Administrator in D:\Workspace\Springboot_Mybatis\Springboot_Mybatis)
2018-11-12 10:32:06 -The following profiles are active: dev
2018-11-12 10:32:06 -Refreshing org.springframework.boot.web.servlet.context.AnnotationConfigServletWebServerApplicationContext@5e96e215: startup date [Mon Nov 12 10:32:06 GMT+08:00 2018]; root of context hierarchy
2018-11-12 10:32:12 -Exception encountered during context initialization - cancelling refresh attempt: org.springframework.context.ApplicationContextException: Unable to start web server; nested exception is java.lang.NoSuchMethodError: org.apache.catalina.Context.addServletMappingDecoded(Ljava/lang/String;Ljava/lang/String;)V
2018-11-12 10:32:12 -

Error starting ApplicationContext. To display the conditions report re-run your application with 'debug' enabled.
2018-11-12 10:32:12 -Application run failed
org.springframework.context.ApplicationContextException: Unable to start web server; nested exception is java.lang.NoSuchMethodError: org.apache.catalina.Context.addServletMappingDecoded(Ljava/lang/String;Ljava/lang/String;)V
	at org.springframework.boot.web.servlet.context.ServletWebServerApplicationContext.onRefresh(ServletWebServerApplicationContext.java:155)
	at org.springframework.context.support.AbstractApplicationContext.refresh(AbstractApplicationContext.java:544)
	at org.springframework.boot.web.servlet.context.ServletWebServerApplicationContext.refresh(ServletWebServerApplicationContext.java:140)
	at org.springframework.boot.SpringApplication.refresh(SpringApplication.java:762)
	at org.springframework.boot.SpringApplication.refreshContext(SpringApplication.java:398)
	at org.springframework.boot.SpringApplication.run(SpringApplication.java:330)
	at com.zqq.Application.main(Application.java:24)
	at sun.reflect.NativeMethodAccessorImpl.invoke0(Native Method)
	at sun.reflect.NativeMethodAccessorImpl.invoke(NativeMethodAccessorImpl.java:62)
	at sun.reflect.DelegatingMethodAccessorImpl.invoke(DelegatingMethodAccessorImpl.java:43)
	at java.lang.reflect.Method.invoke(Method.java:498)
	at org.springframework.boot.devtools.restart.RestartLauncher.run(RestartLauncher.java:49)
Caused by: java.lang.NoSuchMethodError: org.apache.catalina.Context.addServletMappingDecoded(Ljava/lang/String;Ljava/lang/String;)V
	at org.springframework.boot.web.embedded.tomcat.TomcatServletWebServerFactory.addDefaultServlet(TomcatServletWebServerFactory.java:257)
	at org.springframework.boot.web.embedded.tomcat.TomcatServletWebServerFactory.prepareContext(TomcatServletWebServerFactory.java:209)
	at org.springframework.boot.web.embedded.tomcat.TomcatServletWebServerFactory.getWebServer(TomcatServletWebServerFactory.java:173)
	at org.springframework.boot.web.servlet.context.ServletWebServerApplicationContext.createWebServer(ServletWebServerApplicationContext.java:179)
	at org.springframework.boot.web.servlet.context.ServletWebServerApplicationContext.onRefresh(ServletWebServerApplicationContext.java:152)
	... 11 common frames omitted
2018-11-12 10:36:32 -Starting Application on MS-20180106TIRW with PID 3932 (D:\Workspace\Springboot_Mybatis\Springboot_Mybatis\target\classes started by Administrator in D:\Workspace\Springboot_Mybatis\Springboot_Mybatis)
2018-11-12 10:36:32 -The following profiles are active: dev
2018-11-12 10:36:32 -Refreshing org.springframework.boot.web.servlet.context.AnnotationConfigServletWebServerApplicationContext@666faccb: startup date [Mon Nov 12 10:36:32 GMT+08:00 2018]; root of context hierarchy
2018-11-12 10:36:38 -Exception encountered during context initialization - cancelling refresh attempt: org.springframework.context.ApplicationContextException: Unable to start web server; nested exception is java.lang.NoSuchMethodError: org.apache.catalina.Context.addServletMappingDecoded(Ljava/lang/String;Ljava/lang/String;)V
2018-11-12 10:36:38 -

Error starting ApplicationContext. To display the conditions report re-run your application with 'debug' enabled.
2018-11-12 10:36:38 -Application run failed
org.springframework.context.ApplicationContextException: Unable to start web server; nested exception is java.lang.NoSuchMethodError: org.apache.catalina.Context.addServletMappingDecoded(Ljava/lang/String;Ljava/lang/String;)V
	at org.springframework.boot.web.servlet.context.ServletWebServerApplicationContext.onRefresh(ServletWebServerApplicationContext.java:155)
	at org.springframework.context.support.AbstractApplicationContext.refresh(AbstractApplicationContext.java:544)
	at org.springframework.boot.web.servlet.context.ServletWebServerApplicationContext.refresh(ServletWebServerApplicationContext.java:140)
	at org.springframework.boot.SpringApplication.refresh(SpringApplication.java:762)
	at org.springframework.boot.SpringApplication.refreshContext(SpringApplication.java:398)
	at org.springframework.boot.SpringApplication.run(SpringApplication.java:330)
	at com.zqq.Application.main(Application.java:24)
	at sun.reflect.NativeMethodAccessorImpl.invoke0(Native Method)
	at sun.reflect.NativeMethodAccessorImpl.invoke(NativeMethodAccessorImpl.java:62)
	at sun.reflect.DelegatingMethodAccessorImpl.invoke(DelegatingMethodAccessorImpl.java:43)
	at java.lang.reflect.Method.invoke(Method.java:498)
	at org.springframework.boot.devtools.restart.RestartLauncher.run(RestartLauncher.java:49)
Caused by: java.lang.NoSuchMethodError: org.apache.catalina.Context.addServletMappingDecoded(Ljava/lang/String;Ljava/lang/String;)V
	at org.springframework.boot.web.embedded.tomcat.TomcatServletWebServerFactory.addDefaultServlet(TomcatServletWebServerFactory.java:257)
	at org.springframework.boot.web.embedded.tomcat.TomcatServletWebServerFactory.prepareContext(TomcatServletWebServerFactory.java:209)
	at org.springframework.boot.web.embedded.tomcat.TomcatServletWebServerFactory.getWebServer(TomcatServletWebServerFactory.java:173)
	at org.springframework.boot.web.servlet.context.ServletWebServerApplicationContext.createWebServer(ServletWebServerApplicationContext.java:179)
	at org.springframework.boot.web.servlet.context.ServletWebServerApplicationContext.onRefresh(ServletWebServerApplicationContext.java:152)
	... 11 common frames omitted
2018-11-12 10:49:25 -Starting Application on MS-20180106TIRW with PID 1360 (D:\Workspace\Springboot_Mybatis\Springboot_Mybatis\target\classes started by Administrator in D:\Workspace\Springboot_Mybatis\Springboot_Mybatis)
2018-11-12 10:49:25 -The following profiles are active: dev
2018-11-12 10:49:26 -Refreshing org.springframework.boot.web.servlet.context.AnnotationConfigServletWebServerApplicationContext@2cfaa1f5: startup date [Mon Nov 12 10:49:26 GMT+08:00 2018]; root of context hierarchy
2018-11-12 10:49:31 -Exception encountered during context initialization - cancelling refresh attempt: org.springframework.context.ApplicationContextException: Unable to start web server; nested exception is java.lang.NoSuchMethodError: org.apache.catalina.Context.addServletMappingDecoded(Ljava/lang/String;Ljava/lang/String;)V
2018-11-12 10:49:31 -

Error starting ApplicationContext. To display the conditions report re-run your application with 'debug' enabled.
2018-11-12 10:49:31 -Application run failed
org.springframework.context.ApplicationContextException: Unable to start web server; nested exception is java.lang.NoSuchMethodError: org.apache.catalina.Context.addServletMappingDecoded(Ljava/lang/String;Ljava/lang/String;)V
	at org.springframework.boot.web.servlet.context.ServletWebServerApplicationContext.onRefresh(ServletWebServerApplicationContext.java:155)
	at org.springframework.context.support.AbstractApplicationContext.refresh(AbstractApplicationContext.java:544)
	at org.springframework.boot.web.servlet.context.ServletWebServerApplicationContext.refresh(ServletWebServerApplicationContext.java:140)
	at org.springframework.boot.SpringApplication.refresh(SpringApplication.java:762)
	at org.springframework.boot.SpringApplication.refreshContext(SpringApplication.java:398)
	at org.springframework.boot.SpringApplication.run(SpringApplication.java:330)
	at com.zqq.Application.main(Application.java:24)
	at sun.reflect.NativeMethodAccessorImpl.invoke0(Native Method)
	at sun.reflect.NativeMethodAccessorImpl.invoke(NativeMethodAccessorImpl.java:62)
	at sun.reflect.DelegatingMethodAccessorImpl.invoke(DelegatingMethodAccessorImpl.java:43)
	at java.lang.reflect.Method.invoke(Method.java:498)
	at org.springframework.boot.devtools.restart.RestartLauncher.run(RestartLauncher.java:49)
Caused by: java.lang.NoSuchMethodError: org.apache.catalina.Context.addServletMappingDecoded(Ljava/lang/String;Ljava/lang/String;)V
	at org.springframework.boot.web.embedded.tomcat.TomcatServletWebServerFactory.addDefaultServlet(TomcatServletWebServerFactory.java:257)
	at org.springframework.boot.web.embedded.tomcat.TomcatServletWebServerFactory.prepareContext(TomcatServletWebServerFactory.java:209)
	at org.springframework.boot.web.embedded.tomcat.TomcatServletWebServerFactory.getWebServer(TomcatServletWebServerFactory.java:173)
	at org.springframework.boot.web.servlet.context.ServletWebServerApplicationContext.createWebServer(ServletWebServerApplicationContext.java:179)
	at org.springframework.boot.web.servlet.context.ServletWebServerApplicationContext.onRefresh(ServletWebServerApplicationContext.java:152)
	... 11 common frames omitted
2018-11-12 11:02:53 -Starting Application on MS-20180106TIRW with PID 3636 (D:\Workspace\Springboot_Mybatis\Springboot_Mybatis\target\classes started by Administrator in D:\Workspace\Springboot_Mybatis\Springboot_Mybatis)
2018-11-12 11:02:53 -The following profiles are active: dev
2018-11-12 11:02:54 -Refreshing org.springframework.boot.web.servlet.context.AnnotationConfigServletWebServerApplicationContext@1d8a85eb: startup date [Mon Nov 12 11:02:54 GMT+08:00 2018]; root of context hierarchy
2018-11-12 11:03:07 -Exception encountered during context initialization - cancelling refresh attempt: org.springframework.context.ApplicationContextException: Unable to start web server; nested exception is java.lang.NoSuchMethodError: org.apache.catalina.Context.addServletMappingDecoded(Ljava/lang/String;Ljava/lang/String;)V
2018-11-12 11:03:07 -

Error starting ApplicationContext. To display the conditions report re-run your application with 'debug' enabled.
2018-11-12 11:03:07 -Application run failed
org.springframework.context.ApplicationContextException: Unable to start web server; nested exception is java.lang.NoSuchMethodError: org.apache.catalina.Context.addServletMappingDecoded(Ljava/lang/String;Ljava/lang/String;)V
	at org.springframework.boot.web.servlet.context.ServletWebServerApplicationContext.onRefresh(ServletWebServerApplicationContext.java:155)
	at org.springframework.context.support.AbstractApplicationContext.refresh(AbstractApplicationContext.java:544)
	at org.springframework.boot.web.servlet.context.ServletWebServerApplicationContext.refresh(ServletWebServerApplicationContext.java:140)
	at org.springframework.boot.SpringApplication.refresh(SpringApplication.java:762)
	at org.springframework.boot.SpringApplication.refreshContext(SpringApplication.java:398)
	at org.springframework.boot.SpringApplication.run(SpringApplication.java:330)
	at com.zqq.Application.main(Application.java:23)
	at sun.reflect.NativeMethodAccessorImpl.invoke0(Native Method)
	at sun.reflect.NativeMethodAccessorImpl.invoke(NativeMethodAccessorImpl.java:62)
	at sun.reflect.DelegatingMethodAccessorImpl.invoke(DelegatingMethodAccessorImpl.java:43)
	at java.lang.reflect.Method.invoke(Method.java:498)
	at org.springframework.boot.devtools.restart.RestartLauncher.run(RestartLauncher.java:49)
Caused by: java.lang.NoSuchMethodError: org.apache.catalina.Context.addServletMappingDecoded(Ljava/lang/String;Ljava/lang/String;)V
	at org.springframework.boot.web.embedded.tomcat.TomcatServletWebServerFactory.addDefaultServlet(TomcatServletWebServerFactory.java:257)
	at org.springframework.boot.web.embedded.tomcat.TomcatServletWebServerFactory.prepareContext(TomcatServletWebServerFactory.java:209)
	at org.springframework.boot.web.embedded.tomcat.TomcatServletWebServerFactory.getWebServer(TomcatServletWebServerFactory.java:173)
	at org.springframework.boot.web.servlet.context.ServletWebServerApplicationContext.createWebServer(ServletWebServerApplicationContext.java:179)
	at org.springframework.boot.web.servlet.context.ServletWebServerApplicationContext.onRefresh(ServletWebServerApplicationContext.java:152)
	... 11 common frames omitted
2018-11-12 11:03:50 -Starting Application on MS-20180106TIRW with PID 5240 (D:\Workspace\Springboot_Mybatis\Springboot_Mybatis\target\classes started by Administrator in D:\Workspace\Springboot_Mybatis\Springboot_Mybatis)
2018-11-12 11:03:50 -The following profiles are active: dev
2018-11-12 11:03:50 -Refreshing org.springframework.boot.web.servlet.context.AnnotationConfigServletWebServerApplicationContext@43ff3a4b: startup date [Mon Nov 12 11:03:50 GMT+08:00 2018]; root of context hierarchy
2018-11-12 11:03:55 -Exception encountered during context initialization - cancelling refresh attempt: org.springframework.context.ApplicationContextException: Unable to start web server; nested exception is java.lang.NoSuchMethodError: org.apache.catalina.Context.addServletMappingDecoded(Ljava/lang/String;Ljava/lang/String;)V
2018-11-12 11:03:55 -

Error starting ApplicationContext. To display the conditions report re-run your application with 'debug' enabled.
2018-11-12 11:03:55 -Application run failed
org.springframework.context.ApplicationContextException: Unable to start web server; nested exception is java.lang.NoSuchMethodError: org.apache.catalina.Context.addServletMappingDecoded(Ljava/lang/String;Ljava/lang/String;)V
	at org.springframework.boot.web.servlet.context.ServletWebServerApplicationContext.onRefresh(ServletWebServerApplicationContext.java:155)
	at org.springframework.context.support.AbstractApplicationContext.refresh(AbstractApplicationContext.java:544)
	at org.springframework.boot.web.servlet.context.ServletWebServerApplicationContext.refresh(ServletWebServerApplicationContext.java:140)
	at org.springframework.boot.SpringApplication.refresh(SpringApplication.java:762)
	at org.springframework.boot.SpringApplication.refreshContext(SpringApplication.java:398)
	at org.springframework.boot.SpringApplication.run(SpringApplication.java:330)
	at com.zqq.Application.main(Application.java:23)
	at sun.reflect.NativeMethodAccessorImpl.invoke0(Native Method)
	at sun.reflect.NativeMethodAccessorImpl.invoke(NativeMethodAccessorImpl.java:62)
	at sun.reflect.DelegatingMethodAccessorImpl.invoke(DelegatingMethodAccessorImpl.java:43)
	at java.lang.reflect.Method.invoke(Method.java:498)
	at org.springframework.boot.devtools.restart.RestartLauncher.run(RestartLauncher.java:49)
Caused by: java.lang.NoSuchMethodError: org.apache.catalina.Context.addServletMappingDecoded(Ljava/lang/String;Ljava/lang/String;)V
	at org.springframework.boot.web.embedded.tomcat.TomcatServletWebServerFactory.addDefaultServlet(TomcatServletWebServerFactory.java:257)
	at org.springframework.boot.web.embedded.tomcat.TomcatServletWebServerFactory.prepareContext(TomcatServletWebServerFactory.java:209)
	at org.springframework.boot.web.embedded.tomcat.TomcatServletWebServerFactory.getWebServer(TomcatServletWebServerFactory.java:173)
	at org.springframework.boot.web.servlet.context.ServletWebServerApplicationContext.createWebServer(ServletWebServerApplicationContext.java:179)
	at org.springframework.boot.web.servlet.context.ServletWebServerApplicationContext.onRefresh(ServletWebServerApplicationContext.java:152)
	... 11 common frames omitted
2018-11-12 11:04:29 -Starting Application on MS-20180106TIRW with PID 3988 (D:\Workspace\Springboot_Mybatis\Springboot_Mybatis\target\classes started by Administrator in D:\Workspace\Springboot_Mybatis\Springboot_Mybatis)
2018-11-12 11:04:29 -The following profiles are active: dev
2018-11-12 11:04:29 -Refreshing org.springframework.boot.web.servlet.context.AnnotationConfigServletWebServerApplicationContext@3b39019f: startup date [Mon Nov 12 11:04:29 GMT+08:00 2018]; root of context hierarchy
2018-11-12 11:04:34 -Exception encountered during context initialization - cancelling refresh attempt: org.springframework.context.ApplicationContextException: Unable to start web server; nested exception is java.lang.NoSuchMethodError: org.apache.catalina.Context.addServletMappingDecoded(Ljava/lang/String;Ljava/lang/String;)V
2018-11-12 11:04:34 -

Error starting ApplicationContext. To display the conditions report re-run your application with 'debug' enabled.
2018-11-12 11:04:34 -Application run failed
org.springframework.context.ApplicationContextException: Unable to start web server; nested exception is java.lang.NoSuchMethodError: org.apache.catalina.Context.addServletMappingDecoded(Ljava/lang/String;Ljava/lang/String;)V
	at org.springframework.boot.web.servlet.context.ServletWebServerApplicationContext.onRefresh(ServletWebServerApplicationContext.java:155)
	at org.springframework.context.support.AbstractApplicationContext.refresh(AbstractApplicationContext.java:544)
	at org.springframework.boot.web.servlet.context.ServletWebServerApplicationContext.refresh(ServletWebServerApplicationContext.java:140)
	at org.springframework.boot.SpringApplication.refresh(SpringApplication.java:762)
	at org.springframework.boot.SpringApplication.refreshContext(SpringApplication.java:398)
	at org.springframework.boot.SpringApplication.run(SpringApplication.java:330)
	at com.zqq.test.Application.main(Application.java:23)
	at sun.reflect.NativeMethodAccessorImpl.invoke0(Native Method)
	at sun.reflect.NativeMethodAccessorImpl.invoke(NativeMethodAccessorImpl.java:62)
	at sun.reflect.DelegatingMethodAccessorImpl.invoke(DelegatingMethodAccessorImpl.java:43)
	at java.lang.reflect.Method.invoke(Method.java:498)
	at org.springframework.boot.devtools.restart.RestartLauncher.run(RestartLauncher.java:49)
Caused by: java.lang.NoSuchMethodError: org.apache.catalina.Context.addServletMappingDecoded(Ljava/lang/String;Ljava/lang/String;)V
	at org.springframework.boot.web.embedded.tomcat.TomcatServletWebServerFactory.addDefaultServlet(TomcatServletWebServerFactory.java:257)
	at org.springframework.boot.web.embedded.tomcat.TomcatServletWebServerFactory.prepareContext(TomcatServletWebServerFactory.java:209)
	at org.springframework.boot.web.embedded.tomcat.TomcatServletWebServerFactory.getWebServer(TomcatServletWebServerFactory.java:173)
	at org.springframework.boot.web.servlet.context.ServletWebServerApplicationContext.createWebServer(ServletWebServerApplicationContext.java:179)
	at org.springframework.boot.web.servlet.context.ServletWebServerApplicationContext.onRefresh(ServletWebServerApplicationContext.java:152)
	... 11 common frames omitted
2018-11-12 11:06:49 -Starting Application on MS-20180106TIRW with PID 5624 (D:\Workspace\Springboot_Mybatis\Springboot_Mybatis\target\classes started by Administrator in D:\Workspace\Springboot_Mybatis\Springboot_Mybatis)
2018-11-12 11:06:49 -The following profiles are active: dev
2018-11-12 11:06:49 -Refreshing org.springframework.boot.web.servlet.context.AnnotationConfigServletWebServerApplicationContext@d98e7ec: startup date [Mon Nov 12 11:06:49 GMT+08:00 2018]; root of context hierarchy
2018-11-12 11:06:54 -Exception encountered during context initialization - cancelling refresh attempt: org.springframework.context.ApplicationContextException: Unable to start web server; nested exception is java.lang.NoSuchMethodError: org.apache.catalina.Context.addServletMappingDecoded(Ljava/lang/String;Ljava/lang/String;)V
2018-11-12 11:06:54 -

Error starting ApplicationContext. To display the conditions report re-run your application with 'debug' enabled.
2018-11-12 11:06:54 -Application run failed
org.springframework.context.ApplicationContextException: Unable to start web server; nested exception is java.lang.NoSuchMethodError: org.apache.catalina.Context.addServletMappingDecoded(Ljava/lang/String;Ljava/lang/String;)V
	at org.springframework.boot.web.servlet.context.ServletWebServerApplicationContext.onRefresh(ServletWebServerApplicationContext.java:155)
	at org.springframework.context.support.AbstractApplicationContext.refresh(AbstractApplicationContext.java:544)
	at org.springframework.boot.web.servlet.context.ServletWebServerApplicationContext.refresh(ServletWebServerApplicationContext.java:140)
	at org.springframework.boot.SpringApplication.refresh(SpringApplication.java:762)
	at org.springframework.boot.SpringApplication.refreshContext(SpringApplication.java:398)
	at org.springframework.boot.SpringApplication.run(SpringApplication.java:330)
	at com.zqq.Application.main(Application.java:23)
	at sun.reflect.NativeMethodAccessorImpl.invoke0(Native Method)
	at sun.reflect.NativeMethodAccessorImpl.invoke(NativeMethodAccessorImpl.java:62)
	at sun.reflect.DelegatingMethodAccessorImpl.invoke(DelegatingMethodAccessorImpl.java:43)
	at java.lang.reflect.Method.invoke(Method.java:498)
	at org.springframework.boot.devtools.restart.RestartLauncher.run(RestartLauncher.java:49)
Caused by: java.lang.NoSuchMethodError: org.apache.catalina.Context.addServletMappingDecoded(Ljava/lang/String;Ljava/lang/String;)V
	at org.springframework.boot.web.embedded.tomcat.TomcatServletWebServerFactory.addDefaultServlet(TomcatServletWebServerFactory.java:257)
	at org.springframework.boot.web.embedded.tomcat.TomcatServletWebServerFactory.prepareContext(TomcatServletWebServerFactory.java:209)
	at org.springframework.boot.web.embedded.tomcat.TomcatServletWebServerFactory.getWebServer(TomcatServletWebServerFactory.java:173)
	at org.springframework.boot.web.servlet.context.ServletWebServerApplicationContext.createWebServer(ServletWebServerApplicationContext.java:179)
	at org.springframework.boot.web.servlet.context.ServletWebServerApplicationContext.onRefresh(ServletWebServerApplicationContext.java:152)
	... 11 common frames omitted
2018-11-12 11:07:33 -Starting Application on MS-20180106TIRW with PID 5476 (D:\Workspace\Springboot_Mybatis\Springboot_Mybatis\target\classes started by Administrator in D:\Workspace\Springboot_Mybatis\Springboot_Mybatis)
2018-11-12 11:07:33 -The following profiles are active: dev
2018-11-12 11:07:33 -Refreshing org.springframework.boot.web.servlet.context.AnnotationConfigServletWebServerApplicationContext@1a765a89: startup date [Mon Nov 12 11:07:33 GMT+08:00 2018]; root of context hierarchy
2018-11-12 11:07:38 -Exception encountered during context initialization - cancelling refresh attempt: org.springframework.context.ApplicationContextException: Unable to start web server; nested exception is java.lang.NoSuchMethodError: org.apache.catalina.Context.addServletMappingDecoded(Ljava/lang/String;Ljava/lang/String;)V
2018-11-12 11:07:38 -

Error starting ApplicationContext. To display the conditions report re-run your application with 'debug' enabled.
2018-11-12 11:07:38 -Application run failed
org.springframework.context.ApplicationContextException: Unable to start web server; nested exception is java.lang.NoSuchMethodError: org.apache.catalina.Context.addServletMappingDecoded(Ljava/lang/String;Ljava/lang/String;)V
	at org.springframework.boot.web.servlet.context.ServletWebServerApplicationContext.onRefresh(ServletWebServerApplicationContext.java:155)
	at org.springframework.context.support.AbstractApplicationContext.refresh(AbstractApplicationContext.java:544)
	at org.springframework.boot.web.servlet.context.ServletWebServerApplicationContext.refresh(ServletWebServerApplicationContext.java:140)
	at org.springframework.boot.SpringApplication.refresh(SpringApplication.java:762)
	at org.springframework.boot.SpringApplication.refreshContext(SpringApplication.java:398)
	at org.springframework.boot.SpringApplication.run(SpringApplication.java:330)
	at com.zqq.test.Application.main(Application.java:23)
	at sun.reflect.NativeMethodAccessorImpl.invoke0(Native Method)
	at sun.reflect.NativeMethodAccessorImpl.invoke(NativeMethodAccessorImpl.java:62)
	at sun.reflect.DelegatingMethodAccessorImpl.invoke(DelegatingMethodAccessorImpl.java:43)
	at java.lang.reflect.Method.invoke(Method.java:498)
	at org.springframework.boot.devtools.restart.RestartLauncher.run(RestartLauncher.java:49)
Caused by: java.lang.NoSuchMethodError: org.apache.catalina.Context.addServletMappingDecoded(Ljava/lang/String;Ljava/lang/String;)V
	at org.springframework.boot.web.embedded.tomcat.TomcatServletWebServerFactory.addDefaultServlet(TomcatServletWebServerFactory.java:257)
	at org.springframework.boot.web.embedded.tomcat.TomcatServletWebServerFactory.prepareContext(TomcatServletWebServerFactory.java:209)
	at org.springframework.boot.web.embedded.tomcat.TomcatServletWebServerFactory.getWebServer(TomcatServletWebServerFactory.java:173)
	at org.springframework.boot.web.servlet.context.ServletWebServerApplicationContext.createWebServer(ServletWebServerApplicationContext.java:179)
	at org.springframework.boot.web.servlet.context.ServletWebServerApplicationContext.onRefresh(ServletWebServerApplicationContext.java:152)
	... 11 common frames omitted
2018-11-12 13:02:00 -Starting Application on MS-20180106TIRW with PID 7572 (D:\Workspace\Springboot_Mybatis\Springboot_Mybatis\target\classes started by Administrator in D:\Workspace\Springboot_Mybatis\Springboot_Mybatis)
2018-11-12 13:02:00 -The following profiles are active: dev
2018-11-12 13:02:01 -Refreshing org.springframework.boot.context.embedded.AnnotationConfigEmbeddedWebApplicationContext@199a1ea1: startup date [Mon Nov 12 13:02:01 GMT+08:00 2018]; root of context hierarchy
2018-11-12 13:02:01 -HV000001: Hibernate Validator 5.3.5.Final
2018-11-12 13:02:09 -Tomcat initialized with port(s): 8080 (http)
2018-11-12 13:02:09 -Starting service Tomcat
2018-11-12 13:02:09 -Starting Servlet Engine: Apache Tomcat/8.0.36
2018-11-12 13:02:09 -At least one JAR was scanned for TLDs yet contained no TLDs. Enable debug logging for this logger for a complete list of JARs that were scanned but no TLDs were found in them. Skipping unneeded JARs during scanning can improve startup time and JSP compilation time.
2018-11-12 13:02:09 -Initializing Spring embedded WebApplicationContext
2018-11-12 13:02:09 -Root WebApplicationContext: initialization completed in 8668 ms
2018-11-12 13:02:11 -Mapping filter: 'characterEncodingFilter' to: [/*]
2018-11-12 13:02:11 -Mapping filter: 'hiddenHttpMethodFilter' to: [/*]
2018-11-12 13:02:11 -Mapping filter: 'httpPutFormContentFilter' to: [/*]
2018-11-12 13:02:11 -Mapping filter: 'requestContextFilter' to: [/*]
2018-11-12 13:02:11 -Mapping filter: 'MyFilter' to urls: [/*]
2018-11-12 13:02:11 -Mapping filter: 'webStatFilter' to urls: [/*]
2018-11-12 13:02:11 -Mapping filter: 'remoteIpFilter' to: [/*]
2018-11-12 13:02:11 -Mapping servlet: 'dispatcherServlet' to [/]
2018-11-12 13:02:11 -Mapping servlet: 'statViewServlet' to [/druid/*]
2018-11-12 13:02:14 -Looking for @ControllerAdvice: org.springframework.boot.context.embedded.AnnotationConfigEmbeddedWebApplicationContext@199a1ea1: startup date [Mon Nov 12 13:02:01 GMT+08:00 2018]; root of context hierarchy
2018-11-12 13:02:14 -Mapped "{[/showAllUsers]}" onto public java.lang.String com.zqq.ctrl.UserControllor.addUser(com.zqq.model.User)
2018-11-12 13:02:14 -Mapped "{[/getAllUser]}" onto public java.lang.String com.zqq.ctrl.UserControllor.getAllUsers(org.springframework.ui.Model)
2018-11-12 13:02:14 -Mapped "{[/addUser]}" onto public java.lang.String com.zqq.ctrl.UserControllor.login(org.springframework.ui.Model)
2018-11-12 13:02:14 -Mapped "{[/deleteById]}" onto public java.lang.String com.zqq.ctrl.UserControllor.deleteUserById(com.zqq.model.User,org.springframework.ui.Model)
2018-11-12 13:02:14 -Mapped "{[/getUserById]}" onto public java.lang.String com.zqq.ctrl.UserControllor.getUserById(com.zqq.model.User,org.springframework.ui.Model)
2018-11-12 13:02:14 -Mapped "{[/error]}" onto public org.springframework.http.ResponseEntity<java.util.Map<java.lang.String, java.lang.Object>> org.springframework.boot.autoconfigure.web.BasicErrorController.error(javax.servlet.http.HttpServletRequest)
2018-11-12 13:02:14 -Mapped "{[/error],produces=[text/html]}" onto public org.springframework.web.servlet.ModelAndView org.springframework.boot.autoconfigure.web.BasicErrorController.errorHtml(javax.servlet.http.HttpServletRequest,javax.servlet.http.HttpServletResponse)
2018-11-12 13:02:14 -Mapped URL path [/webjars/**] onto handler of type [class org.springframework.web.servlet.resource.ResourceHttpRequestHandler]
2018-11-12 13:02:14 -Mapped URL path [/**] onto handler of type [class org.springframework.web.servlet.resource.ResourceHttpRequestHandler]
2018-11-12 13:02:14 -Mapped URL path [/**/favicon.ico] onto handler of type [class org.springframework.web.servlet.resource.ResourceHttpRequestHandler]
2018-11-12 13:02:18 -LiveReload server is running on port 35729
2018-11-12 13:02:20 -Registering beans for JMX exposure on startup
2018-11-12 13:02:20 -Bean with name 'dataSource' has been autodetected for JMX exposure
2018-11-12 13:02:20 -Located MBean 'dataSource': registering with JMX server as MBean [com.alibaba.druid.pool:name=dataSource,type=DruidDataSource]
2018-11-12 13:02:20 -Initializing ProtocolHandler ["http-nio-8080"]
2018-11-12 13:02:20 -Starting ProtocolHandler ["http-nio-8080"]
2018-11-12 13:02:20 -Using a shared selector for servlet write/read
2018-11-12 13:02:20 -Tomcat started on port(s): 8080 (http)
2018-11-12 13:02:20 -Started Application in 22.042 seconds (JVM running for 23.465)
2018-11-12 13:02:20 ->>>>>>>>>>>>>>>>>>>启动成功<<<<<<<<<<<<<<<<<<<<
2018-11-12 13:02:27 -Initializing Spring FrameworkServlet 'dispatcherServlet'
2018-11-12 13:02:27 -FrameworkServlet 'dispatcherServlet': initialization started
2018-11-12 13:02:27 -FrameworkServlet 'dispatcherServlet': initialization completed in 274 ms
2018-11-12 13:02:28 -{dataSource-1} inited
2018-11-12 13:02:31 -访问第一个页面
2018-11-12 13:02:31 -[THYMELEAF] INITIALIZING TEMPLATE ENGINE
2018-11-12 13:02:31 -[THYMELEAF] INITIALIZING TEMPLATE RESOLVER: org.thymeleaf.spring4.templateresolver.SpringResourceTemplateResolver
2018-11-12 13:02:31 -[THYMELEAF] TEMPLATE RESOLVER INITIALIZED OK
2018-11-12 13:02:31 -[THYMELEAF] INITIALIZING MESSAGE RESOLVER: org.thymeleaf.spring4.messageresolver.SpringMessageResolver
2018-11-12 13:02:31 -[THYMELEAF] MESSAGE RESOLVER INITIALIZED OK
2018-11-12 13:02:31 -[THYMELEAF] TEMPLATE ENGINE CONFIGURATION:
[THYMELEAF] * Cache Factory implementation: org.thymeleaf.cache.StandardCacheManager
[THYMELEAF] * Template modes:
[THYMELEAF]     * XML
[THYMELEAF]     * HTML5
[THYMELEAF]     * VALIDXML
[THYMELEAF]     * VALIDXHTML
[THYMELEAF]     * XHTML
[THYMELEAF]     * LEGACYHTML5
[THYMELEAF] * Template resolvers (in order):
[THYMELEAF]     * org.thymeleaf.spring4.templateresolver.SpringResourceTemplateResolver
[THYMELEAF] * Message resolvers (in order):
[THYMELEAF]     * org.thymeleaf.spring4.messageresolver.SpringMessageResolver
[THYMELEAF] * Dialect [1 of 2]: org.thymeleaf.spring4.dialect.SpringStandardDialect
[THYMELEAF]     * Prefix: "th"
[THYMELEAF] * Dialect [2 of 2]: nz.net.ultraq.thymeleaf.LayoutDialect
[THYMELEAF]     * Prefix: "layout"
[THYMELEAF] TEMPLATE ENGINE CONFIGURED OK
2018-11-12 13:02:31 -[THYMELEAF] TEMPLATE ENGINE INITIALIZED
2018-11-12 13:06:52 -Starting Application on MS-20180106TIRW with PID 7264 (D:\Workspace\Springboot_Mybatis\Springboot_Mybatis\target\classes started by Administrator in D:\Workspace\Springboot_Mybatis\Springboot_Mybatis)
2018-11-12 13:06:53 -The following profiles are active: dev
2018-11-12 13:06:54 -HV000001: Hibernate Validator 5.3.5.Final
2018-11-12 13:06:54 -Refreshing org.springframework.boot.context.embedded.AnnotationConfigEmbeddedWebApplicationContext@51663d01: startup date [Mon Nov 12 13:06:54 GMT+08:00 2018]; root of context hierarchy
2018-11-12 13:06:59 -Tomcat initialized with port(s): 8080 (http)
2018-11-12 13:06:59 -Starting service Tomcat
2018-11-12 13:06:59 -Starting Servlet Engine: Apache Tomcat/8.0.36
2018-11-12 13:07:00 -At least one JAR was scanned for TLDs yet contained no TLDs. Enable debug logging for this logger for a complete list of JARs that were scanned but no TLDs were found in them. Skipping unneeded JARs during scanning can improve startup time and JSP compilation time.
2018-11-12 13:07:00 -Initializing Spring embedded WebApplicationContext
2018-11-12 13:07:00 -Root WebApplicationContext: initialization completed in 5983 ms
2018-11-12 13:07:00 -Mapping filter: 'characterEncodingFilter' to: [/*]
2018-11-12 13:07:00 -Mapping filter: 'hiddenHttpMethodFilter' to: [/*]
2018-11-12 13:07:00 -Mapping filter: 'httpPutFormContentFilter' to: [/*]
2018-11-12 13:07:00 -Mapping filter: 'requestContextFilter' to: [/*]
2018-11-12 13:07:00 -Mapping filter: 'MyFilter' to urls: [/*]
2018-11-12 13:07:00 -Mapping filter: 'webStatFilter' to urls: [/*]
2018-11-12 13:07:00 -Mapping filter: 'remoteIpFilter' to: [/*]
2018-11-12 13:07:00 -Mapping servlet: 'dispatcherServlet' to [/]
2018-11-12 13:07:00 -Mapping servlet: 'statViewServlet' to [/druid/*]
2018-11-12 13:07:03 -Looking for @ControllerAdvice: org.springframework.boot.context.embedded.AnnotationConfigEmbeddedWebApplicationContext@51663d01: startup date [Mon Nov 12 13:06:54 GMT+08:00 2018]; root of context hierarchy
2018-11-12 13:07:03 -Mapped "{[/getAllUser]}" onto public java.lang.String com.zqq.ctrl.UserControllor.getAllUsers(org.springframework.ui.Model)
2018-11-12 13:07:03 -Mapped "{[/addUser]}" onto public java.lang.String com.zqq.ctrl.UserControllor.login(org.springframework.ui.Model)
2018-11-12 13:07:03 -Mapped "{[/deleteById]}" onto public java.lang.String com.zqq.ctrl.UserControllor.deleteUserById(com.zqq.model.User,org.springframework.ui.Model)
2018-11-12 13:07:03 -Mapped "{[/getUserById]}" onto public java.lang.String com.zqq.ctrl.UserControllor.getUserById(com.zqq.model.User,org.springframework.ui.Model)
2018-11-12 13:07:03 -Mapped "{[/showAllUsers]}" onto public java.lang.String com.zqq.ctrl.UserControllor.addUser(com.zqq.model.User)
2018-11-12 13:07:03 -Mapped "{[/error]}" onto public org.springframework.http.ResponseEntity<java.util.Map<java.lang.String, java.lang.Object>> org.springframework.boot.autoconfigure.web.BasicErrorController.error(javax.servlet.http.HttpServletRequest)
2018-11-12 13:07:03 -Mapped "{[/error],produces=[text/html]}" onto public org.springframework.web.servlet.ModelAndView org.springframework.boot.autoconfigure.web.BasicErrorController.errorHtml(javax.servlet.http.HttpServletRequest,javax.servlet.http.HttpServletResponse)
2018-11-12 13:07:03 -Mapped URL path [/webjars/**] onto handler of type [class org.springframework.web.servlet.resource.ResourceHttpRequestHandler]
2018-11-12 13:07:03 -Mapped URL path [/**] onto handler of type [class org.springframework.web.servlet.resource.ResourceHttpRequestHandler]
2018-11-12 13:07:03 -Mapped URL path [/**/favicon.ico] onto handler of type [class org.springframework.web.servlet.resource.ResourceHttpRequestHandler]
2018-11-12 13:07:05 -LiveReload server is running on port 35729
2018-11-12 13:07:06 -Registering beans for JMX exposure on startup
2018-11-12 13:07:06 -Bean with name 'dataSource' has been autodetected for JMX exposure
2018-11-12 13:07:06 -Located MBean 'dataSource': registering with JMX server as MBean [com.alibaba.druid.pool:name=dataSource,type=DruidDataSource]
2018-11-12 13:07:06 -Initializing ProtocolHandler ["http-nio-8080"]
2018-11-12 13:07:06 -Starting ProtocolHandler ["http-nio-8080"]
2018-11-12 13:07:06 -Using a shared selector for servlet write/read
2018-11-12 13:07:06 -Tomcat started on port(s): 8080 (http)
2018-11-12 13:07:06 -Started Application in 14.571 seconds (JVM running for 15.99)
2018-11-12 13:07:06 ->>>>>>>>>>>>>>>>>>>启动成功<<<<<<<<<<<<<<<<<<<<
2018-11-12 13:07:34 -Starting Application on MS-20180106TIRW with PID 7340 (D:\Workspace\Springboot_Mybatis\Springboot_Mybatis\target\classes started by Administrator in D:\Workspace\Springboot_Mybatis\Springboot_Mybatis)
2018-11-12 13:07:34 -The following profiles are active: dev
2018-11-12 13:07:35 -Refreshing org.springframework.boot.context.embedded.AnnotationConfigEmbeddedWebApplicationContext@20c4064a: startup date [Mon Nov 12 13:07:35 GMT+08:00 2018]; root of context hierarchy
2018-11-12 13:07:35 -HV000001: Hibernate Validator 5.3.5.Final
2018-11-12 13:07:40 -Tomcat initialized with port(s): 8080 (http)
2018-11-12 13:07:40 -Starting service Tomcat
2018-11-12 13:07:40 -Starting Servlet Engine: Apache Tomcat/8.0.36
2018-11-12 13:07:41 -At least one JAR was scanned for TLDs yet contained no TLDs. Enable debug logging for this logger for a complete list of JARs that were scanned but no TLDs were found in them. Skipping unneeded JARs during scanning can improve startup time and JSP compilation time.
2018-11-12 13:07:41 -Initializing Spring embedded WebApplicationContext
2018-11-12 13:07:41 -Root WebApplicationContext: initialization completed in 6139 ms
2018-11-12 13:07:41 -Mapping filter: 'characterEncodingFilter' to: [/*]
2018-11-12 13:07:41 -Mapping filter: 'hiddenHttpMethodFilter' to: [/*]
2018-11-12 13:07:41 -Mapping filter: 'httpPutFormContentFilter' to: [/*]
2018-11-12 13:07:41 -Mapping filter: 'requestContextFilter' to: [/*]
2018-11-12 13:07:41 -Mapping filter: 'MyFilter' to urls: [/*]
2018-11-12 13:07:41 -Mapping filter: 'webStatFilter' to urls: [/*]
2018-11-12 13:07:41 -Mapping filter: 'remoteIpFilter' to: [/*]
2018-11-12 13:07:41 -Mapping servlet: 'dispatcherServlet' to [/]
2018-11-12 13:07:41 -Mapping servlet: 'statViewServlet' to [/druid/*]
2018-11-12 13:07:44 -Looking for @ControllerAdvice: org.springframework.boot.context.embedded.AnnotationConfigEmbeddedWebApplicationContext@20c4064a: startup date [Mon Nov 12 13:07:35 GMT+08:00 2018]; root of context hierarchy
2018-11-12 13:07:44 -Mapped "{[/showAllUsers]}" onto public java.lang.String com.zqq.ctrl.UserControllor.addUser(com.zqq.model.User)
2018-11-12 13:07:44 -Mapped "{[/deleteById]}" onto public java.lang.String com.zqq.ctrl.UserControllor.deleteUserById(com.zqq.model.User,org.springframework.ui.Model)
2018-11-12 13:07:44 -Mapped "{[/getAllUser]}" onto public java.lang.String com.zqq.ctrl.UserControllor.getAllUsers(org.springframework.ui.Model)
2018-11-12 13:07:44 -Mapped "{[/addUser]}" onto public java.lang.String com.zqq.ctrl.UserControllor.login(org.springframework.ui.Model)
2018-11-12 13:07:44 -Mapped "{[/getUserById]}" onto public java.lang.String com.zqq.ctrl.UserControllor.getUserById(com.zqq.model.User,org.springframework.ui.Model)
2018-11-12 13:07:44 -Mapped "{[/error]}" onto public org.springframework.http.ResponseEntity<java.util.Map<java.lang.String, java.lang.Object>> org.springframework.boot.autoconfigure.web.BasicErrorController.error(javax.servlet.http.HttpServletRequest)
2018-11-12 13:07:44 -Mapped "{[/error],produces=[text/html]}" onto public org.springframework.web.servlet.ModelAndView org.springframework.boot.autoconfigure.web.BasicErrorController.errorHtml(javax.servlet.http.HttpServletRequest,javax.servlet.http.HttpServletResponse)
2018-11-12 13:07:44 -Mapped URL path [/webjars/**] onto handler of type [class org.springframework.web.servlet.resource.ResourceHttpRequestHandler]
2018-11-12 13:07:44 -Mapped URL path [/**] onto handler of type [class org.springframework.web.servlet.resource.ResourceHttpRequestHandler]
2018-11-12 13:07:45 -Mapped URL path [/**/favicon.ico] onto handler of type [class org.springframework.web.servlet.resource.ResourceHttpRequestHandler]
2018-11-12 13:07:46 -LiveReload server is running on port 35729
2018-11-12 13:07:47 -Registering beans for JMX exposure on startup
2018-11-12 13:07:47 -Bean with name 'dataSource' has been autodetected for JMX exposure
2018-11-12 13:07:47 -Located MBean 'dataSource': registering with JMX server as MBean [com.alibaba.druid.pool:name=dataSource,type=DruidDataSource]
2018-11-12 13:07:47 -Initializing ProtocolHandler ["http-nio-8080"]
2018-11-12 13:07:47 -Starting ProtocolHandler ["http-nio-8080"]
2018-11-12 13:07:47 -Using a shared selector for servlet write/read
2018-11-12 13:07:47 -Tomcat started on port(s): 8080 (http)
2018-11-12 13:07:47 -Started Application in 14.295 seconds (JVM running for 15.576)
2018-11-12 13:07:47 ->>>>>>>>>>>>>>>>>>>启动成功<<<<<<<<<<<<<<<<<<<<
2018-11-12 13:07:54 -Initializing Spring FrameworkServlet 'dispatcherServlet'
2018-11-12 13:07:54 -FrameworkServlet 'dispatcherServlet': initialization started
2018-11-12 13:07:54 -FrameworkServlet 'dispatcherServlet': initialization completed in 76 ms
2018-11-12 13:07:54 -{dataSource-1} inited
2018-11-12 13:07:55 -访问第一个页面
2018-11-12 13:07:55 -[THYMELEAF] INITIALIZING TEMPLATE ENGINE
2018-11-12 13:07:55 -[THYMELEAF] INITIALIZING TEMPLATE RESOLVER: org.thymeleaf.spring4.templateresolver.SpringResourceTemplateResolver
2018-11-12 13:07:55 -[THYMELEAF] TEMPLATE RESOLVER INITIALIZED OK
2018-11-12 13:07:55 -[THYMELEAF] INITIALIZING MESSAGE RESOLVER: org.thymeleaf.spring4.messageresolver.SpringMessageResolver
2018-11-12 13:07:55 -[THYMELEAF] MESSAGE RESOLVER INITIALIZED OK
2018-11-12 13:07:55 -[THYMELEAF] TEMPLATE ENGINE CONFIGURATION:
[THYMELEAF] * Cache Factory implementation: org.thymeleaf.cache.StandardCacheManager
[THYMELEAF] * Template modes:
[THYMELEAF]     * HTML5
[THYMELEAF]     * XML
[THYMELEAF]     * VALIDXHTML
[THYMELEAF]     * VALIDXML
[THYMELEAF]     * XHTML
[THYMELEAF]     * LEGACYHTML5
[THYMELEAF] * Template resolvers (in order):
[THYMELEAF]     * org.thymeleaf.spring4.templateresolver.SpringResourceTemplateResolver
[THYMELEAF] * Message resolvers (in order):
[THYMELEAF]     * org.thymeleaf.spring4.messageresolver.SpringMessageResolver
[THYMELEAF] * Dialect [1 of 2]: org.thymeleaf.spring4.dialect.SpringStandardDialect
[THYMELEAF]     * Prefix: "th"
[THYMELEAF] * Dialect [2 of 2]: nz.net.ultraq.thymeleaf.LayoutDialect
[THYMELEAF]     * Prefix: "layout"
[THYMELEAF] TEMPLATE ENGINE CONFIGURED OK
2018-11-12 13:07:55 -[THYMELEAF] TEMPLATE ENGINE INITIALIZED
2018-11-12 13:12:42 -Starting Application on MS-20180106TIRW with PID 7692 (D:\Workspace\Springboot_Mybatis\Springboot_Mybatis\target\classes started by Administrator in D:\Workspace\Springboot_Mybatis\Springboot_Mybatis)
2018-11-12 13:12:42 -The following profiles are active: dev
2018-11-12 13:12:44 -Refreshing org.springframework.boot.context.embedded.AnnotationConfigEmbeddedWebApplicationContext@29e218a: startup date [Mon Nov 12 13:12:44 GMT+08:00 2018]; root of context hierarchy
2018-11-12 13:12:44 -HV000001: Hibernate Validator 5.3.5.Final
2018-11-12 13:12:50 -Tomcat initialized with port(s): 8080 (http)
2018-11-12 13:12:50 -Starting service Tomcat
2018-11-12 13:12:50 -Starting Servlet Engine: Apache Tomcat/8.0.36
2018-11-12 13:12:51 -At least one JAR was scanned for TLDs yet contained no TLDs. Enable debug logging for this logger for a complete list of JARs that were scanned but no TLDs were found in them. Skipping unneeded JARs during scanning can improve startup time and JSP compilation time.
2018-11-12 13:12:51 -Initializing Spring embedded WebApplicationContext
2018-11-12 13:12:51 -Root WebApplicationContext: initialization completed in 7168 ms
2018-11-12 13:12:52 -Mapping filter: 'characterEncodingFilter' to: [/*]
2018-11-12 13:12:52 -Mapping filter: 'hiddenHttpMethodFilter' to: [/*]
2018-11-12 13:12:52 -Mapping filter: 'httpPutFormContentFilter' to: [/*]
2018-11-12 13:12:52 -Mapping filter: 'requestContextFilter' to: [/*]
2018-11-12 13:12:52 -Mapping filter: 'MyFilter' to urls: [/*]
2018-11-12 13:12:52 -Mapping filter: 'webStatFilter' to urls: [/*]
2018-11-12 13:12:52 -Mapping filter: 'remoteIpFilter' to: [/*]
2018-11-12 13:12:52 -Mapping servlet: 'dispatcherServlet' to [/]
2018-11-12 13:12:52 -Mapping servlet: 'statViewServlet' to [/druid/*]
2018-11-12 13:12:55 -Looking for @ControllerAdvice: org.springframework.boot.context.embedded.AnnotationConfigEmbeddedWebApplicationContext@29e218a: startup date [Mon Nov 12 13:12:44 GMT+08:00 2018]; root of context hierarchy
2018-11-12 13:12:55 -Mapped "{[/getAllUser]}" onto public java.lang.String com.zqq.ctrl.UserControllor.getAllUsers(org.springframework.ui.Model)
2018-11-12 13:12:55 -Mapped "{[/addUser]}" onto public java.lang.String com.zqq.ctrl.UserControllor.login(org.springframework.ui.Model)
2018-11-12 13:12:55 -Mapped "{[/deleteById]}" onto public java.lang.String com.zqq.ctrl.UserControllor.deleteUserById(com.zqq.model.User,org.springframework.ui.Model)
2018-11-12 13:12:55 -Mapped "{[/getUserById]}" onto public java.lang.String com.zqq.ctrl.UserControllor.getUserById(com.zqq.model.User,org.springframework.ui.Model)
2018-11-12 13:12:55 -Mapped "{[/showAllUsers]}" onto public java.lang.String com.zqq.ctrl.UserControllor.addUser(com.zqq.model.User)
2018-11-12 13:12:55 -Mapped "{[/error]}" onto public org.springframework.http.ResponseEntity<java.util.Map<java.lang.String, java.lang.Object>> org.springframework.boot.autoconfigure.web.BasicErrorController.error(javax.servlet.http.HttpServletRequest)
2018-11-12 13:12:55 -Mapped "{[/error],produces=[text/html]}" onto public org.springframework.web.servlet.ModelAndView org.springframework.boot.autoconfigure.web.BasicErrorController.errorHtml(javax.servlet.http.HttpServletRequest,javax.servlet.http.HttpServletResponse)
2018-11-12 13:12:55 -Mapped URL path [/webjars/**] onto handler of type [class org.springframework.web.servlet.resource.ResourceHttpRequestHandler]
2018-11-12 13:12:55 -Mapped URL path [/**] onto handler of type [class org.springframework.web.servlet.resource.ResourceHttpRequestHandler]
2018-11-12 13:12:56 -Mapped URL path [/**/favicon.ico] onto handler of type [class org.springframework.web.servlet.resource.ResourceHttpRequestHandler]
2018-11-12 13:12:58 -LiveReload server is running on port 35729
2018-11-12 13:12:58 -Registering beans for JMX exposure on startup
2018-11-12 13:12:58 -Bean with name 'dataSource' has been autodetected for JMX exposure
2018-11-12 13:12:58 -Located MBean 'dataSource': registering with JMX server as MBean [com.alibaba.druid.pool:name=dataSource,type=DruidDataSource]
2018-11-12 13:12:58 -Initializing ProtocolHandler ["http-nio-8080"]
2018-11-12 13:12:58 -Starting ProtocolHandler ["http-nio-8080"]
2018-11-12 13:12:58 -Using a shared selector for servlet write/read
2018-11-12 13:12:58 -Tomcat started on port(s): 8080 (http)
2018-11-12 13:12:58 -Started Application in 17.349 seconds (JVM running for 19.1)
2018-11-12 13:12:58 ->>>>>>>>>>>>>>>>>>>启动成功<<<<<<<<<<<<<<<<<<<<
2018-11-12 13:17:02 -Closing org.springframework.boot.context.embedded.AnnotationConfigEmbeddedWebApplicationContext@29e218a: startup date [Mon Nov 12 13:12:44 GMT+08:00 2018]; root of context hierarchy
2018-11-12 13:17:02 -Unregistering JMX-exposed beans on shutdown
2018-11-12 13:17:02 -Unregistering JMX-exposed beans
2018-11-12 13:17:04 -Starting Application on MS-20180106TIRW with PID 7692 (D:\Workspace\Springboot_Mybatis\Springboot_Mybatis\target\classes started by Administrator in D:\Workspace\Springboot_Mybatis\Springboot_Mybatis)
2018-11-12 13:17:04 -The following profiles are active: dev
2018-11-12 13:17:04 -Refreshing org.springframework.boot.context.embedded.AnnotationConfigEmbeddedWebApplicationContext@41102ac2: startup date [Mon Nov 12 13:17:04 GMT+08:00 2018]; root of context hierarchy
2018-11-12 13:17:07 -Tomcat initialized with port(s): 8080 (http)
2018-11-12 13:17:07 -Starting service Tomcat
2018-11-12 13:17:07 -Starting Servlet Engine: Apache Tomcat/8.0.36
2018-11-12 13:17:07 -At least one JAR was scanned for TLDs yet contained no TLDs. Enable debug logging for this logger for a complete list of JARs that were scanned but no TLDs were found in them. Skipping unneeded JARs during scanning can improve startup time and JSP compilation time.
2018-11-12 13:17:07 -Initializing Spring embedded WebApplicationContext
2018-11-12 13:17:07 -Root WebApplicationContext: initialization completed in 3407 ms
2018-11-12 13:17:07 -Mapping filter: 'characterEncodingFilter' to: [/*]
2018-11-12 13:17:07 -Mapping filter: 'hiddenHttpMethodFilter' to: [/*]
2018-11-12 13:17:07 -Mapping filter: 'httpPutFormContentFilter' to: [/*]
2018-11-12 13:17:07 -Mapping filter: 'requestContextFilter' to: [/*]
2018-11-12 13:17:07 -Mapping filter: 'MyFilter' to urls: [/*]
2018-11-12 13:17:07 -Mapping filter: 'webStatFilter' to urls: [/*]
2018-11-12 13:17:07 -Mapping filter: 'remoteIpFilter' to: [/*]
2018-11-12 13:17:07 -Mapping servlet: 'dispatcherServlet' to [/]
2018-11-12 13:17:07 -Mapping servlet: 'statViewServlet' to [/druid/*]
2018-11-12 13:17:10 -Looking for @ControllerAdvice: org.springframework.boot.context.embedded.AnnotationConfigEmbeddedWebApplicationContext@41102ac2: startup date [Mon Nov 12 13:17:04 GMT+08:00 2018]; root of context hierarchy
2018-11-12 13:17:10 -Mapped "{[/getAllUser]}" onto public java.lang.String com.zqq.ctrl.UserControllor.getAllUsers(org.springframework.ui.Model)
2018-11-12 13:17:10 -Mapped "{[/addUser]}" onto public java.lang.String com.zqq.ctrl.UserControllor.login(org.springframework.ui.Model)
2018-11-12 13:17:10 -Mapped "{[/deleteById]}" onto public java.lang.String com.zqq.ctrl.UserControllor.deleteUserById(com.zqq.model.User,org.springframework.ui.Model)
2018-11-12 13:17:10 -Mapped "{[/getUserById]}" onto public java.lang.String com.zqq.ctrl.UserControllor.getUserById(com.zqq.model.User,org.springframework.ui.Model)
2018-11-12 13:17:10 -Mapped "{[/showAllUsers]}" onto public java.lang.String com.zqq.ctrl.UserControllor.addUser(com.zqq.model.User)
2018-11-12 13:17:10 -Mapped "{[/error]}" onto public org.springframework.http.ResponseEntity<java.util.Map<java.lang.String, java.lang.Object>> org.springframework.boot.autoconfigure.web.BasicErrorController.error(javax.servlet.http.HttpServletRequest)
2018-11-12 13:17:10 -Mapped "{[/error],produces=[text/html]}" onto public org.springframework.web.servlet.ModelAndView org.springframework.boot.autoconfigure.web.BasicErrorController.errorHtml(javax.servlet.http.HttpServletRequest,javax.servlet.http.HttpServletResponse)
2018-11-12 13:17:10 -Mapped URL path [/webjars/**] onto handler of type [class org.springframework.web.servlet.resource.ResourceHttpRequestHandler]
2018-11-12 13:17:10 -Mapped URL path [/**] onto handler of type [class org.springframework.web.servlet.resource.ResourceHttpRequestHandler]
2018-11-12 13:17:10 -Mapped URL path [/**/favicon.ico] onto handler of type [class org.springframework.web.servlet.resource.ResourceHttpRequestHandler]
2018-11-12 13:17:10 -LiveReload server is running on port 35729
2018-11-12 13:17:11 -Registering beans for JMX exposure on startup
2018-11-12 13:17:11 -Bean with name 'dataSource' has been autodetected for JMX exposure
2018-11-12 13:17:11 -Located MBean 'dataSource': registering with JMX server as MBean [com.alibaba.druid.pool:name=dataSource,type=DruidDataSource]
2018-11-12 13:17:11 -Initializing ProtocolHandler ["http-nio-8080"]
2018-11-12 13:17:11 -Starting ProtocolHandler ["http-nio-8080"]
2018-11-12 13:17:11 -Using a shared selector for servlet write/read
2018-11-12 13:17:11 -Tomcat started on port(s): 8080 (http)
2018-11-12 13:17:11 -Started Application in 7.183 seconds (JVM running for 271.343)
2018-11-12 13:17:11 ->>>>>>>>>>>>>>>>>>>启动成功<<<<<<<<<<<<<<<<<<<<
2018-11-12 13:18:25 -Starting Application on MS-20180106TIRW with PID 6584 (D:\Workspace\Springboot_Mybatis\Springboot_Mybatis\target\classes started by Administrator in D:\Workspace\Springboot_Mybatis\Springboot_Mybatis)
2018-11-12 13:18:25 -The following profiles are active: dev
2018-11-12 13:18:26 -Refreshing org.springframework.boot.context.embedded.AnnotationConfigEmbeddedWebApplicationContext@172d438e: startup date [Mon Nov 12 13:18:26 GMT+08:00 2018]; root of context hierarchy
2018-11-12 13:18:26 -HV000001: Hibernate Validator 5.3.5.Final
2018-11-12 13:18:31 -Tomcat initialized with port(s): 8080 (http)
2018-11-12 13:18:31 -Starting service Tomcat
2018-11-12 13:18:31 -Starting Servlet Engine: Apache Tomcat/8.0.36
2018-11-12 13:18:32 -At least one JAR was scanned for TLDs yet contained no TLDs. Enable debug logging for this logger for a complete list of JARs that were scanned but no TLDs were found in them. Skipping unneeded JARs during scanning can improve startup time and JSP compilation time.
2018-11-12 13:18:32 -Initializing Spring embedded WebApplicationContext
2018-11-12 13:18:32 -Root WebApplicationContext: initialization completed in 6224 ms
2018-11-12 13:18:33 -Mapping filter: 'characterEncodingFilter' to: [/*]
2018-11-12 13:18:33 -Mapping filter: 'hiddenHttpMethodFilter' to: [/*]
2018-11-12 13:18:33 -Mapping filter: 'httpPutFormContentFilter' to: [/*]
2018-11-12 13:18:33 -Mapping filter: 'requestContextFilter' to: [/*]
2018-11-12 13:18:33 -Mapping filter: 'MyFilter' to urls: [/*]
2018-11-12 13:18:33 -Mapping filter: 'webStatFilter' to urls: [/*]
2018-11-12 13:18:33 -Mapping filter: 'remoteIpFilter' to: [/*]
2018-11-12 13:18:33 -Mapping servlet: 'dispatcherServlet' to [/]
2018-11-12 13:18:33 -Mapping servlet: 'statViewServlet' to [/druid/*]
2018-11-12 13:18:35 -Looking for @ControllerAdvice: org.springframework.boot.context.embedded.AnnotationConfigEmbeddedWebApplicationContext@172d438e: startup date [Mon Nov 12 13:18:26 GMT+08:00 2018]; root of context hierarchy
2018-11-12 13:18:36 -Mapped "{[/showAllUsers]}" onto public java.lang.String com.zqq.ctrl.UserControllor.addUser(com.zqq.model.User)
2018-11-12 13:18:36 -Mapped "{[/getAllUser]}" onto public java.lang.String com.zqq.ctrl.UserControllor.getAllUsers(org.springframework.ui.Model)
2018-11-12 13:18:36 -Mapped "{[/addUser]}" onto public java.lang.String com.zqq.ctrl.UserControllor.login(org.springframework.ui.Model)
2018-11-12 13:18:36 -Mapped "{[/deleteById]}" onto public java.lang.String com.zqq.ctrl.UserControllor.deleteUserById(com.zqq.model.User,org.springframework.ui.Model)
2018-11-12 13:18:36 -Mapped "{[/getUserById]}" onto public java.lang.String com.zqq.ctrl.UserControllor.getUserById(com.zqq.model.User,org.springframework.ui.Model)
2018-11-12 13:18:36 -Mapped "{[/error]}" onto public org.springframework.http.ResponseEntity<java.util.Map<java.lang.String, java.lang.Object>> org.springframework.boot.autoconfigure.web.BasicErrorController.error(javax.servlet.http.HttpServletRequest)
2018-11-12 13:18:36 -Mapped "{[/error],produces=[text/html]}" onto public org.springframework.web.servlet.ModelAndView org.springframework.boot.autoconfigure.web.BasicErrorController.errorHtml(javax.servlet.http.HttpServletRequest,javax.servlet.http.HttpServletResponse)
2018-11-12 13:18:36 -Mapped URL path [/webjars/**] onto handler of type [class org.springframework.web.servlet.resource.ResourceHttpRequestHandler]
2018-11-12 13:18:36 -Mapped URL path [/**] onto handler of type [class org.springframework.web.servlet.resource.ResourceHttpRequestHandler]
2018-11-12 13:18:36 -Mapped URL path [/**/favicon.ico] onto handler of type [class org.springframework.web.servlet.resource.ResourceHttpRequestHandler]
2018-11-12 13:18:38 -LiveReload server is running on port 35729
2018-11-12 13:18:38 -Registering beans for JMX exposure on startup
2018-11-12 13:18:38 -Bean with name 'dataSource' has been autodetected for JMX exposure
2018-11-12 13:18:38 -Located MBean 'dataSource': registering with JMX server as MBean [com.alibaba.druid.pool:name=dataSource,type=DruidDataSource]
2018-11-12 13:18:38 -Initializing ProtocolHandler ["http-nio-8080"]
2018-11-12 13:18:38 -Starting ProtocolHandler ["http-nio-8080"]
2018-11-12 13:18:38 -Using a shared selector for servlet write/read
2018-11-12 13:18:38 -Tomcat started on port(s): 8080 (http)
2018-11-12 13:18:38 -Started Application in 14.763 seconds (JVM running for 16.122)
2018-11-12 13:18:38 ->>>>>>>>>>>>>>>>>>>启动成功<<<<<<<<<<<<<<<<<<<<
2018-11-12 13:39:55 -Starting Application on MS-20180106TIRW with PID 7364 (D:\Workspace\Springboot_Mybatis\Springboot_Mybatis\target\classes started by Administrator in D:\Workspace\Springboot_Mybatis\Springboot_Mybatis)
2018-11-12 13:39:55 -The following profiles are active: dev
2018-11-12 13:39:56 -Refreshing org.springframework.boot.context.embedded.AnnotationConfigEmbeddedWebApplicationContext@25076a65: startup date [Mon Nov 12 13:39:56 GMT+08:00 2018]; root of context hierarchy
2018-11-12 13:39:56 -HV000001: Hibernate Validator 5.3.5.Final
2018-11-12 13:40:03 -Tomcat initialized with port(s): 8080 (http)
2018-11-12 13:40:03 -Starting service Tomcat
2018-11-12 13:40:03 -Starting Servlet Engine: Apache Tomcat/8.0.36
2018-11-12 13:40:04 -At least one JAR was scanned for TLDs yet contained no TLDs. Enable debug logging for this logger for a complete list of JARs that were scanned but no TLDs were found in them. Skipping unneeded JARs during scanning can improve startup time and JSP compilation time.
2018-11-12 13:40:04 -Initializing Spring embedded WebApplicationContext
2018-11-12 13:40:04 -Root WebApplicationContext: initialization completed in 7185 ms
2018-11-12 13:40:04 -Mapping filter: 'characterEncodingFilter' to: [/*]
2018-11-12 13:40:04 -Mapping filter: 'hiddenHttpMethodFilter' to: [/*]
2018-11-12 13:40:04 -Mapping filter: 'httpPutFormContentFilter' to: [/*]
2018-11-12 13:40:04 -Mapping filter: 'requestContextFilter' to: [/*]
2018-11-12 13:40:04 -Mapping filter: 'MyFilter' to urls: [/*]
2018-11-12 13:40:04 -Mapping filter: 'remoteIpFilter' to: [/*]
2018-11-12 13:40:04 -Mapping servlet: 'dispatcherServlet' to [/]
2018-11-12 13:40:07 -Looking for @ControllerAdvice: org.springframework.boot.context.embedded.AnnotationConfigEmbeddedWebApplicationContext@25076a65: startup date [Mon Nov 12 13:39:56 GMT+08:00 2018]; root of context hierarchy
2018-11-12 13:40:07 -Mapped "{[/showAllUsers]}" onto public java.lang.String com.zqq.ctrl.UserControllor.addUser(com.zqq.model.User)
2018-11-12 13:40:07 -Mapped "{[/getAllUser]}" onto public java.lang.String com.zqq.ctrl.UserControllor.getAllUsers(org.springframework.ui.Model)
2018-11-12 13:40:07 -Mapped "{[/addUser]}" onto public java.lang.String com.zqq.ctrl.UserControllor.login(org.springframework.ui.Model)
2018-11-12 13:40:07 -Mapped "{[/deleteById]}" onto public java.lang.String com.zqq.ctrl.UserControllor.deleteUserById(com.zqq.model.User,org.springframework.ui.Model)
2018-11-12 13:40:07 -Mapped "{[/getUserById]}" onto public java.lang.String com.zqq.ctrl.UserControllor.getUserById(com.zqq.model.User,org.springframework.ui.Model)
2018-11-12 13:40:07 -Mapped "{[/error]}" onto public org.springframework.http.ResponseEntity<java.util.Map<java.lang.String, java.lang.Object>> org.springframework.boot.autoconfigure.web.BasicErrorController.error(javax.servlet.http.HttpServletRequest)
2018-11-12 13:40:07 -Mapped "{[/error],produces=[text/html]}" onto public org.springframework.web.servlet.ModelAndView org.springframework.boot.autoconfigure.web.BasicErrorController.errorHtml(javax.servlet.http.HttpServletRequest,javax.servlet.http.HttpServletResponse)
2018-11-12 13:40:07 -Mapped URL path [/webjars/**] onto handler of type [class org.springframework.web.servlet.resource.ResourceHttpRequestHandler]
2018-11-12 13:40:07 -Mapped URL path [/**] onto handler of type [class org.springframework.web.servlet.resource.ResourceHttpRequestHandler]
2018-11-12 13:40:08 -Mapped URL path [/**/favicon.ico] onto handler of type [class org.springframework.web.servlet.resource.ResourceHttpRequestHandler]
2018-11-12 13:40:10 -LiveReload server is running on port 35729
2018-11-12 13:40:10 -Registering beans for JMX exposure on startup
2018-11-12 13:40:10 -Bean with name 'dataSource' has been autodetected for JMX exposure
2018-11-12 13:40:10 -Located MBean 'dataSource': registering with JMX server as MBean [com.alibaba.druid.pool:name=dataSource,type=DruidDataSource]
2018-11-12 13:40:10 -Initializing ProtocolHandler ["http-nio-8080"]
2018-11-12 13:40:10 -Starting ProtocolHandler ["http-nio-8080"]
2018-11-12 13:40:10 -Using a shared selector for servlet write/read
2018-11-12 13:40:10 -Tomcat started on port(s): 8080 (http)
2018-11-12 13:40:10 -Started Application in 16.872 seconds (JVM running for 18.693)
2018-11-12 13:40:10 ->>>>>>>>>>>>>>>>>>>启动成功<<<<<<<<<<<<<<<<<<<<
2018-11-12 14:04:20 -Starting Application on MS-20180106TIRW with PID 8116 (D:\Workspace\Springboot_Mybatis\Springboot_Mybatis\target\classes started by Administrator in D:\Workspace\Springboot_Mybatis\Springboot_Mybatis)
2018-11-12 14:04:20 -The following profiles are active: dev
2018-11-12 14:04:21 -Refreshing org.springframework.boot.context.embedded.AnnotationConfigEmbeddedWebApplicationContext@25076a65: startup date [Mon Nov 12 14:04:21 GMT+08:00 2018]; root of context hierarchy
2018-11-12 14:04:22 -HV000001: Hibernate Validator 5.3.5.Final
2018-11-12 14:04:26 -Tomcat initialized with port(s): 8080 (http)
2018-11-12 14:04:26 -Starting service Tomcat
2018-11-12 14:04:26 -Starting Servlet Engine: Apache Tomcat/8.0.36
2018-11-12 14:04:27 -At least one JAR was scanned for TLDs yet contained no TLDs. Enable debug logging for this logger for a complete list of JARs that were scanned but no TLDs were found in them. Skipping unneeded JARs during scanning can improve startup time and JSP compilation time.
2018-11-12 14:04:27 -Initializing Spring embedded WebApplicationContext
2018-11-12 14:04:27 -Root WebApplicationContext: initialization completed in 6044 ms
2018-11-12 14:04:28 -Mapping filter: 'characterEncodingFilter' to: [/*]
2018-11-12 14:04:28 -Mapping filter: 'hiddenHttpMethodFilter' to: [/*]
2018-11-12 14:04:28 -Mapping filter: 'httpPutFormContentFilter' to: [/*]
2018-11-12 14:04:28 -Mapping filter: 'requestContextFilter' to: [/*]
2018-11-12 14:04:28 -Mapping filter: 'MyFilter' to urls: [/*]
2018-11-12 14:04:28 -Mapping filter: 'remoteIpFilter' to: [/*]
2018-11-12 14:04:28 -Mapping servlet: 'dispatcherServlet' to [/]
2018-11-12 14:04:30 -Looking for @ControllerAdvice: org.springframework.boot.context.embedded.AnnotationConfigEmbeddedWebApplicationContext@25076a65: startup date [Mon Nov 12 14:04:21 GMT+08:00 2018]; root of context hierarchy
2018-11-12 14:04:30 -Mapped "{[/getAllUser]}" onto public java.lang.String com.zqq.ctrl.UserControllor.getAllUsers(org.springframework.ui.Model)
2018-11-12 14:04:30 -Mapped "{[/addUser]}" onto public java.lang.String com.zqq.ctrl.UserControllor.login(org.springframework.ui.Model)
2018-11-12 14:04:30 -Mapped "{[/deleteById]}" onto public java.lang.String com.zqq.ctrl.UserControllor.deleteUserById(com.zqq.model.User,org.springframework.ui.Model)
2018-11-12 14:04:30 -Mapped "{[/getUserById]}" onto public java.lang.String com.zqq.ctrl.UserControllor.getUserById(com.zqq.model.User,org.springframework.ui.Model)
2018-11-12 14:04:30 -Mapped "{[/showAllUsers]}" onto public java.lang.String com.zqq.ctrl.UserControllor.addUser(com.zqq.model.User)
2018-11-12 14:04:30 -Mapped "{[/error]}" onto public org.springframework.http.ResponseEntity<java.util.Map<java.lang.String, java.lang.Object>> org.springframework.boot.autoconfigure.web.BasicErrorController.error(javax.servlet.http.HttpServletRequest)
2018-11-12 14:04:30 -Mapped "{[/error],produces=[text/html]}" onto public org.springframework.web.servlet.ModelAndView org.springframework.boot.autoconfigure.web.BasicErrorController.errorHtml(javax.servlet.http.HttpServletRequest,javax.servlet.http.HttpServletResponse)
2018-11-12 14:04:30 -Mapped URL path [/webjars/**] onto handler of type [class org.springframework.web.servlet.resource.ResourceHttpRequestHandler]
2018-11-12 14:04:30 -Mapped URL path [/**] onto handler of type [class org.springframework.web.servlet.resource.ResourceHttpRequestHandler]
2018-11-12 14:04:31 -Mapped URL path [/**/favicon.ico] onto handler of type [class org.springframework.web.servlet.resource.ResourceHttpRequestHandler]
2018-11-12 14:04:33 -LiveReload server is running on port 35729
2018-11-12 14:04:33 -Registering beans for JMX exposure on startup
2018-11-12 14:04:33 -Bean with name 'dataSource' has been autodetected for JMX exposure
2018-11-12 14:04:33 -Located MBean 'dataSource': registering with JMX server as MBean [com.alibaba.druid.pool:name=dataSource,type=DruidDataSource]
2018-11-12 14:04:33 -Initializing ProtocolHandler ["http-nio-8080"]
2018-11-12 14:04:33 -Starting ProtocolHandler ["http-nio-8080"]
2018-11-12 14:04:33 -Using a shared selector for servlet write/read
2018-11-12 14:04:33 -Tomcat started on port(s): 8080 (http)
2018-11-12 14:04:33 -Started Application in 14.333 seconds (JVM running for 15.732)
2018-11-12 14:04:33 ->>>>>>>>>>>>>>>>>>>启动成功<<<<<<<<<<<<<<<<<<<<
2018-11-12 14:14:54 -Starting Application on MS-20180106TIRW with PID 4312 (D:\Workspace\Springboot_Mybatis\Springboot_Mybatis\target\classes started by Administrator in D:\Workspace\Springboot_Mybatis\Springboot_Mybatis)
2018-11-12 14:14:54 -The following profiles are active: dev
2018-11-12 14:14:55 -Refreshing org.springframework.boot.context.embedded.AnnotationConfigEmbeddedWebApplicationContext@21b6fcd: startup date [Mon Nov 12 14:14:55 GMT+08:00 2018]; root of context hierarchy
2018-11-12 14:14:56 -HV000001: Hibernate Validator 5.3.5.Final
2018-11-12 14:15:01 -Tomcat initialized with port(s): 8080 (http)
2018-11-12 14:15:01 -Starting service Tomcat
2018-11-12 14:15:01 -Starting Servlet Engine: Apache Tomcat/8.0.36
2018-11-12 14:15:01 -At least one JAR was scanned for TLDs yet contained no TLDs. Enable debug logging for this logger for a complete list of JARs that were scanned but no TLDs were found in them. Skipping unneeded JARs during scanning can improve startup time and JSP compilation time.
2018-11-12 14:15:01 -Initializing Spring embedded WebApplicationContext
2018-11-12 14:15:01 -Root WebApplicationContext: initialization completed in 6447 ms
2018-11-12 14:15:02 -Mapping filter: 'characterEncodingFilter' to: [/*]
2018-11-12 14:15:02 -Mapping filter: 'hiddenHttpMethodFilter' to: [/*]
2018-11-12 14:15:02 -Mapping filter: 'httpPutFormContentFilter' to: [/*]
2018-11-12 14:15:02 -Mapping filter: 'requestContextFilter' to: [/*]
2018-11-12 14:15:02 -Mapping filter: 'MyFilter' to urls: [/*]
2018-11-12 14:15:02 -Mapping filter: 'remoteIpFilter' to: [/*]
2018-11-12 14:15:02 -Mapping servlet: 'dispatcherServlet' to [/]
2018-11-12 14:15:05 -Looking for @ControllerAdvice: org.springframework.boot.context.embedded.AnnotationConfigEmbeddedWebApplicationContext@21b6fcd: startup date [Mon Nov 12 14:14:55 GMT+08:00 2018]; root of context hierarchy
2018-11-12 14:15:05 -Mapped "{[/showAllUsers]}" onto public java.lang.String com.zqq.ctrl.UserControllor.addUser(com.zqq.model.User)
2018-11-12 14:15:05 -Mapped "{[/getAllUser]}" onto public java.lang.String com.zqq.ctrl.UserControllor.getAllUsers(org.springframework.ui.Model)
2018-11-12 14:15:05 -Mapped "{[/addUser]}" onto public java.lang.String com.zqq.ctrl.UserControllor.login(org.springframework.ui.Model)
2018-11-12 14:15:05 -Mapped "{[/deleteById]}" onto public java.lang.String com.zqq.ctrl.UserControllor.deleteUserById(com.zqq.model.User,org.springframework.ui.Model)
2018-11-12 14:15:05 -Mapped "{[/getUserById]}" onto public java.lang.String com.zqq.ctrl.UserControllor.getUserById(com.zqq.model.User,org.springframework.ui.Model)
2018-11-12 14:15:05 -Mapped "{[/error]}" onto public org.springframework.http.ResponseEntity<java.util.Map<java.lang.String, java.lang.Object>> org.springframework.boot.autoconfigure.web.BasicErrorController.error(javax.servlet.http.HttpServletRequest)
2018-11-12 14:15:05 -Mapped "{[/error],produces=[text/html]}" onto public org.springframework.web.servlet.ModelAndView org.springframework.boot.autoconfigure.web.BasicErrorController.errorHtml(javax.servlet.http.HttpServletRequest,javax.servlet.http.HttpServletResponse)
2018-11-12 14:15:05 -Mapped URL path [/webjars/**] onto handler of type [class org.springframework.web.servlet.resource.ResourceHttpRequestHandler]
2018-11-12 14:15:05 -Mapped URL path [/**] onto handler of type [class org.springframework.web.servlet.resource.ResourceHttpRequestHandler]
2018-11-12 14:15:05 -Mapped URL path [/**/favicon.ico] onto handler of type [class org.springframework.web.servlet.resource.ResourceHttpRequestHandler]
2018-11-12 14:15:07 -LiveReload server is running on port 35729
2018-11-12 14:15:07 -Registering beans for JMX exposure on startup
2018-11-12 14:15:07 -Bean with name 'dataSource' has been autodetected for JMX exposure
2018-11-12 14:15:07 -Located MBean 'dataSource': registering with JMX server as MBean [com.alibaba.druid.pool:name=dataSource,type=DruidDataSource]
2018-11-12 14:15:08 -Initializing ProtocolHandler ["http-nio-8080"]
2018-11-12 14:15:08 -Starting ProtocolHandler ["http-nio-8080"]
2018-11-12 14:15:08 -Using a shared selector for servlet write/read
2018-11-12 14:15:08 -Tomcat started on port(s): 8080 (http)
2018-11-12 14:15:08 -Started Application in 14.387 seconds (JVM running for 15.855)
2018-11-12 14:15:08 ->>>>>>>>>>>>>>>>>>>启动成功<<<<<<<<<<<<<<<<<<<<
2018-11-12 14:15:16 -Initializing Spring FrameworkServlet 'dispatcherServlet'
2018-11-12 14:15:16 -FrameworkServlet 'dispatcherServlet': initialization started
2018-11-12 14:15:17 -FrameworkServlet 'dispatcherServlet': initialization completed in 79 ms
2018-11-12 14:15:17 -{dataSource-1} inited
2018-11-12 14:15:19 -访问第一个页面
2018-11-12 14:15:19 -[THYMELEAF] INITIALIZING TEMPLATE ENGINE
2018-11-12 14:15:19 -[THYMELEAF] INITIALIZING TEMPLATE RESOLVER: org.thymeleaf.spring4.templateresolver.SpringResourceTemplateResolver
2018-11-12 14:15:19 -[THYMELEAF] TEMPLATE RESOLVER INITIALIZED OK
2018-11-12 14:15:19 -[THYMELEAF] INITIALIZING MESSAGE RESOLVER: org.thymeleaf.spring4.messageresolver.SpringMessageResolver
2018-11-12 14:15:19 -[THYMELEAF] MESSAGE RESOLVER INITIALIZED OK
2018-11-12 14:15:19 -[THYMELEAF] TEMPLATE ENGINE CONFIGURATION:
[THYMELEAF] * Cache Factory implementation: org.thymeleaf.cache.StandardCacheManager
[THYMELEAF] * Template modes:
[THYMELEAF]     * VALIDXML
[THYMELEAF]     * XML
[THYMELEAF]     * XHTML
[THYMELEAF]     * VALIDXHTML
[THYMELEAF]     * HTML5
[THYMELEAF]     * LEGACYHTML5
[THYMELEAF] * Template resolvers (in order):
[THYMELEAF]     * org.thymeleaf.spring4.templateresolver.SpringResourceTemplateResolver
[THYMELEAF] * Message resolvers (in order):
[THYMELEAF]     * org.thymeleaf.spring4.messageresolver.SpringMessageResolver
[THYMELEAF] * Dialect [1 of 2]: org.thymeleaf.spring4.dialect.SpringStandardDialect
[THYMELEAF]     * Prefix: "th"
[THYMELEAF] * Dialect [2 of 2]: nz.net.ultraq.thymeleaf.LayoutDialect
[THYMELEAF]     * Prefix: "layout"
[THYMELEAF] TEMPLATE ENGINE CONFIGURED OK
2018-11-12 14:15:19 -[THYMELEAF] TEMPLATE ENGINE INITIALIZED
