2018-11-09 16:34:20 -Starting Application on MS-20180106TIRW with PID 7272 (D:\Workspace\Springboot_Mybatis\Springboot_Mybatis\target\classes started by Administrator in D:\Workspace\Springboot_Mybatis\Springboot_Mybatis)
2018-11-09 16:34:20 -The following profiles are active: dev
2018-11-09 16:34:21 -Refreshing org.springframework.boot.web.servlet.context.AnnotationConfigServletWebServerApplicationContext@1142c0c1: startup date [Fri Nov 09 16:34:21 GMT+08:00 2018]; root of context hierarchy
2018-11-09 16:34:34 -Exception encountered during context initialization - cancelling refresh attempt: org.springframework.context.ApplicationContextException: Unable to start web server; nested exception is java.lang.NoSuchMethodError: org.apache.catalina.Context.addServletMappingDecoded(Ljava/lang/String;Ljava/lang/String;)V
2018-11-09 16:34:34 -

Error starting ApplicationContext. To display the conditions report re-run your application with 'debug' enabled.
2018-11-09 16:34:34 -Application run failed
org.springframework.context.ApplicationContextException: Unable to start web server; nested exception is java.lang.NoSuchMethodError: org.apache.catalina.Context.addServletMappingDecoded(Ljava/lang/String;Ljava/lang/String;)V
	at org.springframework.boot.web.servlet.context.ServletWebServerApplicationContext.onRefresh(ServletWebServerApplicationContext.java:155)
	at org.springframework.context.support.AbstractApplicationContext.refresh(AbstractApplicationContext.java:544)
	at org.springframework.boot.web.servlet.context.ServletWebServerApplicationContext.refresh(ServletWebServerApplicationContext.java:140)
	at org.springframework.boot.SpringApplication.refresh(SpringApplication.java:762)
	at org.springframework.boot.SpringApplication.refreshContext(SpringApplication.java:398)
	at org.springframework.boot.SpringApplication.run(SpringApplication.java:330)
	at com.zqq.Application.main(Application.java:24)
	at sun.reflect.NativeMethodAccessorImpl.invoke0(Native Method)
	at sun.reflect.NativeMethodAccessorImpl.invoke(NativeMethodAccessorImpl.java:62)
	at sun.reflect.DelegatingMethodAccessorImpl.invoke(DelegatingMethodAccessorImpl.java:43)
	at java.lang.reflect.Method.invoke(Method.java:498)
	at org.springframework.boot.devtools.restart.RestartLauncher.run(RestartLauncher.java:49)
Caused by: java.lang.NoSuchMethodError: org.apache.catalina.Context.addServletMappingDecoded(Ljava/lang/String;Ljava/lang/String;)V
	at org.springframework.boot.web.embedded.tomcat.TomcatServletWebServerFactory.addDefaultServlet(TomcatServletWebServerFactory.java:257)
	at org.springframework.boot.web.embedded.tomcat.TomcatServletWebServerFactory.prepareContext(TomcatServletWebServerFactory.java:209)
	at org.springframework.boot.web.embedded.tomcat.TomcatServletWebServerFactory.getWebServer(TomcatServletWebServerFactory.java:173)
	at org.springframework.boot.web.servlet.context.ServletWebServerApplicationContext.createWebServer(ServletWebServerApplicationContext.java:179)
	at org.springframework.boot.web.servlet.context.ServletWebServerApplicationContext.onRefresh(ServletWebServerApplicationContext.java:152)
	... 11 common frames omitted
